<?xml version="1.0" encoding="utf-8" standalone="no"?>
<!--This file represents the results of running a test suite-->
<test-results name="C:\Users\sbaglyuk\Documents\Visual Studio 2013\Projects\OnTargetAutomation\OnTargetAutomation\bin\Debug\OnTargetAutomation.dll" total="1" errors="0" failures="0" not-run="0" inconclusive="0" ignored="0" skipped="0" invalid="0" date="2015-03-31" time="16:14:30">
  <environment nunit-version="2.6.4.14350" clr-version="2.0.50727.5472" os-version="Microsoft Windows NT 6.1.7601 Service Pack 1" platform="Win32NT" cwd="C:\Program Files (x86)\NUnit 2.6.4\bin" machine-name="K067" user="sbaglyuk" user-domain="ONTARGET" />
  <culture-info current-culture="en-US" current-uiculture="en-US" />
  <test-suite type="Assembly" name="C:\Users\sbaglyuk\Documents\Visual Studio 2013\Projects\OnTargetAutomation\OnTargetAutomation\bin\Debug\OnTargetAutomation.dll" executed="True" result="Success" success="True" time="20.155" asserts="0">
    <results>
      <test-suite type="Namespace" name="OnTargetAutomation" executed="True" result="Success" success="True" time="20.126" asserts="0">
        <results>
          <test-suite type="TestFixture" name="Program+TestCases" executed="True" result="Success" success="True" time="20.122" asserts="0">
            <results>
              <test-case name="OnTargetAutomation.Program+TestCases.TestUserLogin" executed="True" result="Success" success="True" time="20.101" asserts="0" />
            </results>
          </test-suite>
        </results>
      </test-suite>
    </results>
  </test-suite>
</test-results>